<?xml version="1.0" encoding="UTF-8"?>
<testng-results ignored="0" total="2" passed="2" failed="0" skipped="0">
  <reporter-output>
  </reporter-output>
  <suite started-at="2025-06-25T08:28:36 IST" name="Suite" finished-at="2025-06-25T08:29:34 IST" duration-ms="57399">
    <groups>
    </groups>
    <test started-at="2025-06-25T08:28:36 IST" name="Test" finished-at="2025-06-25T08:29:34 IST" duration-ms="57399">
      <class name="TestClasses.HomePageValidation">
        <test-method signature="verifyHomePage()[pri:0, instance:TestClasses.HomePageValidation@6302bbb1]" started-at="2025-06-25T08:28:36 IST" name="verifyHomePage" finished-at="2025-06-25T08:29:00 IST" duration-ms="23704" status="PASS">
          <reporter-output>
          </reporter-output>
        </test-method> <!-- verifyHomePage -->
      </class> <!-- TestClasses.HomePageValidation -->
      <class name="TestClasses.AboutUsPageValidation">
        <test-method signature="verifyHomePage()[pri:0, instance:TestClasses.AboutUsPageValidation@7cc0cdad]" started-at="2025-06-25T08:29:00 IST" name="verifyHomePage" finished-at="2025-06-25T08:29:33 IST" duration-ms="33541" status="PASS">
          <reporter-output>
          </reporter-output>
        </test-method> <!-- verifyHomePage -->
      </class> <!-- TestClasses.AboutUsPageValidation -->
    </test> <!-- Test -->
  </suite> <!-- Suite -->
</testng-results>
